0 info it worked if it ends with ok
1 verbose cli [ 'E:\\Program Files\\Nodejs\\node.exe',
1 verbose cli   'E:\\Program Files\\Nodejs\\node_modules\\npm\\bin\\npm-cli.js',
1 verbose cli   'start' ]
2 info using npm@3.10.10
3 info using node@v6.10.2
4 verbose run-script [ 'prestart', 'start', 'poststart' ]
5 info lifecycle angular-seed@0.0.0~prestart: angular-seed@0.0.0
6 verbose lifecycle angular-seed@0.0.0~prestart: unsafe-perm in lifecycle true
7 verbose lifecycle angular-seed@0.0.0~prestart: PATH: E:\Program Files\Nodejs\node_modules\npm\bin\node-gyp-bin;E:\Work\MindIt_test - Copy\node_modules\.bin;E:\Program Files\ConEmu\ConEmu\Scripts;E:\Program Files\ConEmu;E:\Program Files\ConEmu\ConEmu;C:\Program Files (x86)\Google\Chrome\Application;C:\ProgramData\Oracle\Java\javapath;C:\Program Files (x86)\Common Files\Microsoft Shared\Windows Live;C:\Program Files (x86)\Intel\iCLS Client\;C:\Program Files\Intel\iCLS Client\;C:\Windows\system32;C:\Windows;C:\Windows\System32\Wbem;C:\Windows\System32\WindowsPowerShell\v1.0\;C:\Program Files\Intel\Intel(R) Management Engine Components\DAL;C:\Program Files\Intel\Intel(R) Management Engine Components\IPT;C:\Program Files (x86)\Intel\Intel(R) Management Engine Components\DAL;C:\Program Files (x86)\Intel\Intel(R) Management Engine Components\IPT;C:\Program Files\Common Files\Autodesk Shared\;E:\Program Files\Calibre\;E:\Program Files\TortoiseSVN\bin;C:\Program Files (x86)\Skype\Phone\;E:\Program Files\Nodejs\;C:\Program Files\Common Files\Microsoft Shared\Windows Live;C:\Users\Chops\AppData\Roaming\npm;C:\adb;E:\Program Files\Yarn\bin;C:\WINDOWS\system32;C:\WINDOWS;C:\WINDOWS\System32\Wbem;C:\WINDOWS\System32\WindowsPowerShell\v1.0\;E:\Program Files\Git\cmd;C:\Program Files\Common Files\Microsoft Shared\Windows Live;C:\Users\Chops\AppData\Roaming\npm;C:\Users\Chops\AppData\Local\Yarn\.bin;C:\Users\Chops\AppData\Local\Microsoft\WindowsApps;
8 verbose lifecycle angular-seed@0.0.0~prestart: CWD: E:\Work\MindIt_test - Copy
9 silly lifecycle angular-seed@0.0.0~prestart: Args: [ '/d /s /c', 'npm install' ]
10 silly lifecycle angular-seed@0.0.0~prestart: Returned: code: 0  signal: null
11 info lifecycle angular-seed@0.0.0~start: angular-seed@0.0.0
12 verbose lifecycle angular-seed@0.0.0~start: unsafe-perm in lifecycle true
13 verbose lifecycle angular-seed@0.0.0~start: PATH: E:\Program Files\Nodejs\node_modules\npm\bin\node-gyp-bin;E:\Work\MindIt_test - Copy\node_modules\.bin;E:\Program Files\ConEmu\ConEmu\Scripts;E:\Program Files\ConEmu;E:\Program Files\ConEmu\ConEmu;C:\Program Files (x86)\Google\Chrome\Application;C:\ProgramData\Oracle\Java\javapath;C:\Program Files (x86)\Common Files\Microsoft Shared\Windows Live;C:\Program Files (x86)\Intel\iCLS Client\;C:\Program Files\Intel\iCLS Client\;C:\Windows\system32;C:\Windows;C:\Windows\System32\Wbem;C:\Windows\System32\WindowsPowerShell\v1.0\;C:\Program Files\Intel\Intel(R) Management Engine Components\DAL;C:\Program Files\Intel\Intel(R) Management Engine Components\IPT;C:\Program Files (x86)\Intel\Intel(R) Management Engine Components\DAL;C:\Program Files (x86)\Intel\Intel(R) Management Engine Components\IPT;C:\Program Files\Common Files\Autodesk Shared\;E:\Program Files\Calibre\;E:\Program Files\TortoiseSVN\bin;C:\Program Files (x86)\Skype\Phone\;E:\Program Files\Nodejs\;C:\Program Files\Common Files\Microsoft Shared\Windows Live;C:\Users\Chops\AppData\Roaming\npm;C:\adb;E:\Program Files\Yarn\bin;C:\WINDOWS\system32;C:\WINDOWS;C:\WINDOWS\System32\Wbem;C:\WINDOWS\System32\WindowsPowerShell\v1.0\;E:\Program Files\Git\cmd;C:\Program Files\Common Files\Microsoft Shared\Windows Live;C:\Users\Chops\AppData\Roaming\npm;C:\Users\Chops\AppData\Local\Yarn\.bin;C:\Users\Chops\AppData\Local\Microsoft\WindowsApps;
14 verbose lifecycle angular-seed@0.0.0~start: CWD: E:\Work\MindIt_test - Copy
15 silly lifecycle angular-seed@0.0.0~start: Args: [ '/d /s /c', 'http-server -a localhost -p 8000 -c-1 ./app' ]
16 silly lifecycle angular-seed@0.0.0~start: Returned: code: 1  signal: null
17 info lifecycle angular-seed@0.0.0~start: Failed to exec start script
18 verbose stack Error: angular-seed@0.0.0 start: `http-server -a localhost -p 8000 -c-1 ./app`
18 verbose stack Exit status 1
18 verbose stack     at EventEmitter.<anonymous> (E:\Program Files\Nodejs\node_modules\npm\lib\utils\lifecycle.js:255:16)
18 verbose stack     at emitTwo (events.js:106:13)
18 verbose stack     at EventEmitter.emit (events.js:191:7)
18 verbose stack     at ChildProcess.<anonymous> (E:\Program Files\Nodejs\node_modules\npm\lib\utils\spawn.js:40:14)
18 verbose stack     at emitTwo (events.js:106:13)
18 verbose stack     at ChildProcess.emit (events.js:191:7)
18 verbose stack     at maybeClose (internal/child_process.js:886:16)
18 verbose stack     at Process.ChildProcess._handle.onexit (internal/child_process.js:226:5)
19 verbose pkgid angular-seed@0.0.0
20 verbose cwd E:\Work\MindIt_test - Copy
21 error Windows_NT 10.0.16299
22 error argv "E:\\Program Files\\Nodejs\\node.exe" "E:\\Program Files\\Nodejs\\node_modules\\npm\\bin\\npm-cli.js" "start"
23 error node v6.10.2
24 error npm  v3.10.10
25 error code ELIFECYCLE
26 error angular-seed@0.0.0 start: `http-server -a localhost -p 8000 -c-1 ./app`
26 error Exit status 1
27 error Failed at the angular-seed@0.0.0 start script 'http-server -a localhost -p 8000 -c-1 ./app'.
27 error Make sure you have the latest version of node.js and npm installed.
27 error If you do, this is most likely a problem with the angular-seed package,
27 error not with npm itself.
27 error Tell the author that this fails on your system:
27 error     http-server -a localhost -p 8000 -c-1 ./app
27 error You can get information on how to open an issue for this project with:
27 error     npm bugs angular-seed
27 error Or if that isn't available, you can get their info via:
27 error     npm owner ls angular-seed
27 error There is likely additional logging output above.
28 verbose exit [ 1, true ]
